{"/Users/david.mobrand/Documents/development/trader/calculations.js": {"path":"/Users/david.mobrand/Documents/development/trader/calculations.js","statementMap":{"0":{"start":{"line":3,"column":19},"end":{"line":3,"column":52}},"1":{"start":{"line":4,"column":4},"end":{"line":7,"column":5}},"2":{"start":{"line":4,"column":17},"end":{"line":4,"column":27}},"3":{"start":{"line":5,"column":22},"end":{"line":5,"column":55}},"4":{"start":{"line":6,"column":8},"end":{"line":6,"column":70}},"5":{"start":{"line":6,"column":47},"end":{"line":6,"column":56}},"6":{"start":{"line":8,"column":4},"end":{"line":8,"column":18}},"7":{"start":{"line":12,"column":14},"end":{"line":12,"column":30}},"8":{"start":{"line":13,"column":19},"end":{"line":13,"column":52}},"9":{"start":{"line":14,"column":18},"end":{"line":14,"column":25}},"10":{"start":{"line":16,"column":4},"end":{"line":16,"column":24}},"11":{"start":{"line":17,"column":4},"end":{"line":21,"column":5}},"12":{"start":{"line":17,"column":17},"end":{"line":17,"column":18}},"13":{"start":{"line":18,"column":20},"end":{"line":18,"column":55}},"14":{"start":{"line":19,"column":8},"end":{"line":19,"column":24}},"15":{"start":{"line":20,"column":8},"end":{"line":20,"column":22}},"16":{"start":{"line":22,"column":4},"end":{"line":22,"column":18}},"17":{"start":{"line":26,"column":20},"end":{"line":26,"column":44}},"18":{"start":{"line":27,"column":20},"end":{"line":27,"column":44}},"19":{"start":{"line":28,"column":21},"end":{"line":28,"column":56}},"20":{"start":{"line":30,"column":4},"end":{"line":34,"column":5}},"21":{"start":{"line":30,"column":17},"end":{"line":30,"column":18}},"22":{"start":{"line":31,"column":8},"end":{"line":33,"column":9}},"23":{"start":{"line":32,"column":12},"end":{"line":32,"column":50}},"24":{"start":{"line":36,"column":23},"end":{"line":36,"column":72}},"25":{"start":{"line":36,"column":57},"end":{"line":36,"column":67}},"26":{"start":{"line":37,"column":22},"end":{"line":39,"column":5}},"27":{"start":{"line":38,"column":8},"end":{"line":38,"column":77}},"28":{"start":{"line":41,"column":4},"end":{"line":45,"column":6}},"29":{"start":{"line":49,"column":19},"end":{"line":49,"column":54}},"30":{"start":{"line":50,"column":18},"end":{"line":50,"column":50}},"31":{"start":{"line":51,"column":19},"end":{"line":51,"column":51}},"32":{"start":{"line":54,"column":4},"end":{"line":61,"column":5}},"33":{"start":{"line":54,"column":17},"end":{"line":54,"column":18}},"34":{"start":{"line":55,"column":27},"end":{"line":55,"column":52}},"35":{"start":{"line":56,"column":8},"end":{"line":60,"column":9}},"36":{"start":{"line":57,"column":12},"end":{"line":57,"column":34}},"37":{"start":{"line":59,"column":12},"end":{"line":59,"column":45}},"38":{"start":{"line":64,"column":4},"end":{"line":74,"column":5}},"39":{"start":{"line":64,"column":17},"end":{"line":64,"column":23}},"40":{"start":{"line":65,"column":24},"end":{"line":65,"column":102}},"41":{"start":{"line":65,"column":80},"end":{"line":65,"column":89}},"42":{"start":{"line":66,"column":24},"end":{"line":66,"column":103}},"43":{"start":{"line":66,"column":81},"end":{"line":66,"column":90}},"44":{"start":{"line":68,"column":8},"end":{"line":73,"column":9}},"45":{"start":{"line":69,"column":12},"end":{"line":69,"column":28}},"46":{"start":{"line":71,"column":23},"end":{"line":71,"column":40}},"47":{"start":{"line":72,"column":12},"end":{"line":72,"column":47}},"48":{"start":{"line":76,"column":4},"end":{"line":76,"column":18}}},"fnMap":{"0":{"name":"calculateSMA","decl":{"start":{"line":2,"column":16},"end":{"line":2,"column":28}},"loc":{"start":{"line":2,"column":43},"end":{"line":9,"column":1}},"line":2},"1":{"name":"(anonymous_1)","decl":{"start":{"line":6,"column":33},"end":{"line":6,"column":34}},"loc":{"start":{"line":6,"column":47},"end":{"line":6,"column":56}},"line":6},"2":{"name":"calculateEMA","decl":{"start":{"line":11,"column":16},"end":{"line":11,"column":28}},"loc":{"start":{"line":11,"column":43},"end":{"line":23,"column":1}},"line":11},"3":{"name":"calculateMACD","decl":{"start":{"line":25,"column":16},"end":{"line":25,"column":29}},"loc":{"start":{"line":25,"column":38},"end":{"line":46,"column":1}},"line":25},"4":{"name":"(anonymous_4)","decl":{"start":{"line":36,"column":52},"end":{"line":36,"column":53}},"loc":{"start":{"line":36,"column":57},"end":{"line":36,"column":67}},"line":36},"5":{"name":"(anonymous_5)","decl":{"start":{"line":37,"column":35},"end":{"line":37,"column":36}},"loc":{"start":{"line":38,"column":8},"end":{"line":38,"column":77}},"line":38},"6":{"name":"calculateRSI","decl":{"start":{"line":48,"column":16},"end":{"line":48,"column":28}},"loc":{"start":{"line":48,"column":50},"end":{"line":77,"column":1}},"line":48},"7":{"name":"(anonymous_7)","decl":{"start":{"line":65,"column":66},"end":{"line":65,"column":67}},"loc":{"start":{"line":65,"column":80},"end":{"line":65,"column":89}},"line":65},"8":{"name":"(anonymous_8)","decl":{"start":{"line":66,"column":67},"end":{"line":66,"column":68}},"loc":{"start":{"line":66,"column":81},"end":{"line":66,"column":90}},"line":66}},"branchMap":{"0":{"loc":{"start":{"line":31,"column":8},"end":{"line":33,"column":9}},"type":"if","locations":[{"start":{"line":31,"column":8},"end":{"line":33,"column":9}},{"start":{},"end":{}}],"line":31},"1":{"loc":{"start":{"line":31,"column":12},"end":{"line":31,"column":54}},"type":"binary-expr","locations":[{"start":{"line":31,"column":12},"end":{"line":31,"column":31}},{"start":{"line":31,"column":35},"end":{"line":31,"column":54}}],"line":31},"2":{"loc":{"start":{"line":38,"column":8},"end":{"line":38,"column":77}},"type":"cond-expr","locations":[{"start":{"line":38,"column":50},"end":{"line":38,"column":70}},{"start":{"line":38,"column":73},"end":{"line":38,"column":77}}],"line":38},"3":{"loc":{"start":{"line":38,"column":8},"end":{"line":38,"column":47}},"type":"binary-expr","locations":[{"start":{"line":38,"column":8},"end":{"line":38,"column":21}},{"start":{"line":38,"column":25},"end":{"line":38,"column":47}}],"line":38},"4":{"loc":{"start":{"line":48,"column":37},"end":{"line":48,"column":48}},"type":"default-arg","locations":[{"start":{"line":48,"column":46},"end":{"line":48,"column":48}}],"line":48},"5":{"loc":{"start":{"line":56,"column":8},"end":{"line":60,"column":9}},"type":"if","locations":[{"start":{"line":56,"column":8},"end":{"line":60,"column":9}},{"start":{"line":58,"column":15},"end":{"line":60,"column":9}}],"line":56},"6":{"loc":{"start":{"line":68,"column":8},"end":{"line":73,"column":9}},"type":"if","locations":[{"start":{"line":68,"column":8},"end":{"line":73,"column":9}},{"start":{"line":70,"column":15},"end":{"line":73,"column":9}}],"line":68}},"s":{"0":1,"1":1,"2":1,"3":3,"4":3,"5":9,"6":1,"7":3,"8":3,"9":3,"10":3,"11":3,"12":3,"13":27,"14":27,"15":27,"16":3,"17":1,"18":1,"19":1,"20":1,"21":1,"22":10,"23":10,"24":1,"25":10,"26":1,"27":10,"28":1,"29":3,"30":3,"31":3,"32":3,"33":3,"34":18,"35":18,"36":11,"37":7,"38":3,"39":3,"40":10,"41":40,"42":10,"43":40,"44":10,"45":5,"46":5,"47":5,"48":3},"f":{"0":1,"1":9,"2":3,"3":1,"4":10,"5":10,"6":3,"7":40,"8":40},"b":{"0":[10,0],"1":[10,10],"2":[10,0],"3":[10,10],"4":[0],"5":[11,7],"6":[5,5]},"inputSourceMap":null,"_coverageSchema":"1a1c01bbd47fc00a2c39e90264f33305004495a9","hash":"65b989d3a72f12779be56ec2faf94d3b6f626610"}
}
