TN:
SF:calculations.js
FN:2,calculateSMA
FN:6,(anonymous_1)
FN:11,calculateEMA
FN:25,calculateMACD
FN:36,(anonymous_4)
FN:37,(anonymous_5)
FN:48,calculateRSI
FN:65,(anonymous_7)
FN:66,(anonymous_8)
FNF:9
FNH:9
FNDA:1,calculateSMA
FNDA:9,(anonymous_1)
FNDA:3,calculateEMA
FNDA:1,calculateMACD
FNDA:10,(anonymous_4)
FNDA:10,(anonymous_5)
FNDA:3,calculateRSI
FNDA:40,(anonymous_7)
FNDA:40,(anonymous_8)
DA:3,1
DA:4,1
DA:5,3
DA:6,9
DA:8,1
DA:12,3
DA:13,3
DA:14,3
DA:16,3
DA:17,3
DA:18,27
DA:19,27
DA:20,27
DA:22,3
DA:26,1
DA:27,1
DA:28,1
DA:30,1
DA:31,10
DA:32,10
DA:36,10
DA:37,1
DA:38,10
DA:41,1
DA:49,3
DA:50,3
DA:51,3
DA:54,3
DA:55,18
DA:56,18
DA:57,11
DA:59,7
DA:64,3
DA:65,40
DA:66,40
DA:68,10
DA:69,5
DA:71,5
DA:72,5
DA:76,3
LF:40
LH:40
BRDA:31,0,0,10
BRDA:31,0,1,0
BRDA:31,1,0,10
BRDA:31,1,1,10
BRDA:38,2,0,10
BRDA:38,2,1,0
BRDA:38,3,0,10
BRDA:38,3,1,10
BRDA:48,4,0,0
BRDA:56,5,0,11
BRDA:56,5,1,7
BRDA:68,6,0,5
BRDA:68,6,1,5
BRF:13
BRH:10
end_of_record
